Analysis & Synthesis report for Elevator
Wed Nov 21 15:58:32 2018
Quartus Prime Version 18.0.0 Build 614 04/24/2018 SJ Lite Edition


---------------------
; Table of Contents ;
---------------------
  1. Legal Notice
  2. Analysis & Synthesis Summary
  3. Analysis & Synthesis Settings
  4. Parallel Compilation
  5. Analysis & Synthesis Source Files Read
  6. Analysis & Synthesis Resource Usage Summary
  7. Analysis & Synthesis Resource Utilization by Entity
  8. State Machine - |Teste|TopLevel:top|Elevator:controle|currentState
  9. User-Specified and Inferred Latches
 10. General Register Statistics
 11. Multiplexer Restructuring Statistics (Restructuring Performed)
 12. Parameter Settings for User Entity Instance: TopLevel:top
 13. Parameter Settings for User Entity Instance: TopLevel:top|Datapath:operativo
 14. Parameter Settings for User Entity Instance: TopLevel:top|Datapath:operativo|Verific:xbtDownPU
 15. Parameter Settings for User Entity Instance: TopLevel:top|Datapath:operativo|Verific:xbtDownU
 16. Parameter Settings for User Entity Instance: TopLevel:top|Datapath:operativo|Verific:xbtDownZP
 17. Parameter Settings for User Entity Instance: TopLevel:top|Datapath:operativo|Verific:xbtUpPU
 18. Parameter Settings for User Entity Instance: TopLevel:top|Datapath:operativo|Verific:xbtUpUM
 19. Parameter Settings for User Entity Instance: TopLevel:top|Datapath:operativo|Verific:xbtUpZP
 20. Parameter Settings for User Entity Instance: TopLevel:top|Datapath:operativo|Verific:xbtElevatorPU
 21. Parameter Settings for User Entity Instance: TopLevel:top|Datapath:operativo|Verific:xbtElevatorUM
 22. Parameter Settings for User Entity Instance: TopLevel:top|Datapath:operativo|Verific:xbtElevatorZP
 23. Parameter Settings for User Entity Instance: TopLevel:top|Elevator:controle
 24. Parameter Settings for User Entity Instance: TopLevel:top|BotaoArray:btUpArray
 25. Parameter Settings for User Entity Instance: TopLevel:top|BotaoArray:btDownArray
 26. Parameter Settings for User Entity Instance: TopLevel:top|BotaoArray:btElevatorArray
 27. Port Connectivity Checks: "TopLevel:top|Datapath:operativo|Verific:xbtElevatorZP"
 28. Port Connectivity Checks: "TopLevel:top|Datapath:operativo|Verific:xbtElevatorUM"
 29. Port Connectivity Checks: "TopLevel:top|Datapath:operativo|Verific:xbtElevatorPU"
 30. Port Connectivity Checks: "TopLevel:top|Datapath:operativo|Verific:xbtUpZP"
 31. Port Connectivity Checks: "TopLevel:top|Datapath:operativo|Verific:xbtUpUM"
 32. Port Connectivity Checks: "TopLevel:top|Datapath:operativo|Verific:xbtUpPU"
 33. Port Connectivity Checks: "TopLevel:top|Datapath:operativo|Verific:xbtDownZP"
 34. Port Connectivity Checks: "TopLevel:top|Datapath:operativo|Verific:xbtDownU"
 35. Port Connectivity Checks: "TopLevel:top|Datapath:operativo|Verific:xbtDownPU"
 36. Port Connectivity Checks: "TopLevel:top"
 37. Post-Synthesis Netlist Statistics for Top Partition
 38. Elapsed Time Per Partition
 39. Analysis & Synthesis Messages



----------------
; Legal Notice ;
----------------
Copyright (C) 2018  Intel Corporation. All rights reserved.
Your use of Intel Corporation's design tools, logic functions 
and other software and tools, and its AMPP partner logic 
functions, and any output files from any of the foregoing 
(including device programming or simulation files), and any 
associated documentation or information are expressly subject 
to the terms and conditions of the Intel Program License 
Subscription Agreement, the Intel Quartus Prime License Agreement,
the Intel FPGA IP License Agreement, or other applicable license
agreement, including, without limitation, that your use is for
the sole purpose of programming logic devices manufactured by
Intel and sold by Intel or its authorized distributors.  Please
refer to the applicable agreement for further details.



+-------------------------------------------------------------------------------+
; Analysis & Synthesis Summary                                                  ;
+---------------------------------+---------------------------------------------+
; Analysis & Synthesis Status     ; Successful - Wed Nov 21 15:58:32 2018       ;
; Quartus Prime Version           ; 18.0.0 Build 614 04/24/2018 SJ Lite Edition ;
; Revision Name                   ; Elevator                                    ;
; Top-level Entity Name           ; Teste                                       ;
; Family                          ; Cyclone V                                   ;
; Logic utilization (in ALMs)     ; N/A                                         ;
; Total registers                 ; 65                                          ;
; Total pins                      ; 25                                          ;
; Total virtual pins              ; 0                                           ;
; Total block memory bits         ; 0                                           ;
; Total DSP Blocks                ; 0                                           ;
; Total HSSI RX PCSs              ; 0                                           ;
; Total HSSI PMA RX Deserializers ; 0                                           ;
; Total HSSI TX PCSs              ; 0                                           ;
; Total HSSI PMA TX Serializers   ; 0                                           ;
; Total PLLs                      ; 0                                           ;
; Total DLLs                      ; 0                                           ;
+---------------------------------+---------------------------------------------+


+---------------------------------------------------------------------------------------------------------------------------+
; Analysis & Synthesis Settings                                                                                             ;
+---------------------------------------------------------------------------------+--------------------+--------------------+
; Option                                                                          ; Setting            ; Default Value      ;
+---------------------------------------------------------------------------------+--------------------+--------------------+
; Device                                                                          ; 5CSEMA5F31C6       ;                    ;
; Top-level entity name                                                           ; Teste              ; Elevator           ;
; Family name                                                                     ; Cyclone V          ; Cyclone V          ;
; Use smart compilation                                                           ; Off                ; Off                ;
; Enable parallel Assembler and Timing Analyzer during compilation                ; On                 ; On                 ;
; Enable compact report table                                                     ; Off                ; Off                ;
; Restructure Multiplexers                                                        ; Auto               ; Auto               ;
; MLAB Add Timing Constraints For Mixed-Port Feed-Through Mode Setting Don't Care ; Off                ; Off                ;
; Create Debugging Nodes for IP Cores                                             ; Off                ; Off                ;
; Preserve fewer node names                                                       ; On                 ; On                 ;
; Intel FPGA IP Evaluation Mode                                                   ; Enable             ; Enable             ;
; Verilog Version                                                                 ; Verilog_2001       ; Verilog_2001       ;
; VHDL Version                                                                    ; VHDL_1993          ; VHDL_1993          ;
; State Machine Processing                                                        ; Auto               ; Auto               ;
; Safe State Machine                                                              ; Off                ; Off                ;
; Extract Verilog State Machines                                                  ; On                 ; On                 ;
; Extract VHDL State Machines                                                     ; On                 ; On                 ;
; Ignore Verilog initial constructs                                               ; Off                ; Off                ;
; Iteration limit for constant Verilog loops                                      ; 5000               ; 5000               ;
; Iteration limit for non-constant Verilog loops                                  ; 250                ; 250                ;
; Add Pass-Through Logic to Inferred RAMs                                         ; On                 ; On                 ;
; Infer RAMs from Raw Logic                                                       ; On                 ; On                 ;
; Parallel Synthesis                                                              ; On                 ; On                 ;
; DSP Block Balancing                                                             ; Auto               ; Auto               ;
; NOT Gate Push-Back                                                              ; On                 ; On                 ;
; Power-Up Don't Care                                                             ; On                 ; On                 ;
; Remove Redundant Logic Cells                                                    ; Off                ; Off                ;
; Remove Duplicate Registers                                                      ; On                 ; On                 ;
; Ignore CARRY Buffers                                                            ; Off                ; Off                ;
; Ignore CASCADE Buffers                                                          ; Off                ; Off                ;
; Ignore GLOBAL Buffers                                                           ; Off                ; Off                ;
; Ignore ROW GLOBAL Buffers                                                       ; Off                ; Off                ;
; Ignore LCELL Buffers                                                            ; Off                ; Off                ;
; Ignore SOFT Buffers                                                             ; On                 ; On                 ;
; Limit AHDL Integers to 32 Bits                                                  ; Off                ; Off                ;
; Optimization Technique                                                          ; Balanced           ; Balanced           ;
; Carry Chain Length                                                              ; 70                 ; 70                 ;
; Auto Carry Chains                                                               ; On                 ; On                 ;
; Auto Open-Drain Pins                                                            ; On                 ; On                 ;
; Perform WYSIWYG Primitive Resynthesis                                           ; Off                ; Off                ;
; Auto ROM Replacement                                                            ; On                 ; On                 ;
; Auto RAM Replacement                                                            ; On                 ; On                 ;
; Auto DSP Block Replacement                                                      ; On                 ; On                 ;
; Auto Shift Register Replacement                                                 ; Auto               ; Auto               ;
; Allow Shift Register Merging across Hierarchies                                 ; Auto               ; Auto               ;
; Auto Clock Enable Replacement                                                   ; On                 ; On                 ;
; Strict RAM Replacement                                                          ; Off                ; Off                ;
; Allow Synchronous Control Signals                                               ; On                 ; On                 ;
; Force Use of Synchronous Clear Signals                                          ; Off                ; Off                ;
; Auto Resource Sharing                                                           ; Off                ; Off                ;
; Allow Any RAM Size For Recognition                                              ; Off                ; Off                ;
; Allow Any ROM Size For Recognition                                              ; Off                ; Off                ;
; Allow Any Shift Register Size For Recognition                                   ; Off                ; Off                ;
; Use LogicLock Constraints during Resource Balancing                             ; On                 ; On                 ;
; Ignore translate_off and synthesis_off directives                               ; Off                ; Off                ;
; Timing-Driven Synthesis                                                         ; On                 ; On                 ;
; Report Parameter Settings                                                       ; On                 ; On                 ;
; Report Source Assignments                                                       ; On                 ; On                 ;
; Report Connectivity Checks                                                      ; On                 ; On                 ;
; Ignore Maximum Fan-Out Assignments                                              ; Off                ; Off                ;
; Synchronization Register Chain Length                                           ; 3                  ; 3                  ;
; Power Optimization During Synthesis                                             ; Normal compilation ; Normal compilation ;
; HDL message level                                                               ; Level2             ; Level2             ;
; Suppress Register Optimization Related Messages                                 ; Off                ; Off                ;
; Number of Removed Registers Reported in Synthesis Report                        ; 5000               ; 5000               ;
; Number of Swept Nodes Reported in Synthesis Report                              ; 5000               ; 5000               ;
; Number of Inverted Registers Reported in Synthesis Report                       ; 100                ; 100                ;
; Clock MUX Protection                                                            ; On                 ; On                 ;
; Auto Gated Clock Conversion                                                     ; Off                ; Off                ;
; Block Design Naming                                                             ; Auto               ; Auto               ;
; SDC constraint protection                                                       ; Off                ; Off                ;
; Synthesis Effort                                                                ; Auto               ; Auto               ;
; Shift Register Replacement - Allow Asynchronous Clear Signal                    ; On                 ; On                 ;
; Pre-Mapping Resynthesis Optimization                                            ; Off                ; Off                ;
; Analysis & Synthesis Message Level                                              ; Medium             ; Medium             ;
; Disable Register Merging Across Hierarchies                                     ; Auto               ; Auto               ;
; Resource Aware Inference For Block RAM                                          ; On                 ; On                 ;
; Automatic Parallel Synthesis                                                    ; On                 ; On                 ;
; Partial Reconfiguration Bitstream ID                                            ; Off                ; Off                ;
+---------------------------------------------------------------------------------+--------------------+--------------------+


+------------------------------------------+
; Parallel Compilation                     ;
+----------------------------+-------------+
; Processors                 ; Number      ;
+----------------------------+-------------+
; Number detected on machine ; 4           ;
; Maximum allowed            ; 2           ;
;                            ;             ;
; Average used               ; 1.00        ;
; Maximum used               ; 2           ;
;                            ;             ;
; Usage by Processor         ; % Time Used ;
;     Processor 1            ; 100.0%      ;
;     Processor 2            ;   0.0%      ;
+----------------------------+-------------+


+----------------------------------------------------------------------------------------------------------------------------------------+
; Analysis & Synthesis Source Files Read                                                                                                 ;
+----------------------------------+-----------------+-----------------+-------------------------------------------------------+---------+
; File Name with User-Entered Path ; Used in Netlist ; File Type       ; File Name with Absolute Path                          ; Library ;
+----------------------------------+-----------------+-----------------+-------------------------------------------------------+---------+
; Elevator.vhd                     ; yes             ; User VHDL File  ; C:/Users/Celular/Desktop/Elevator/Elevator.vhd        ;         ;
; Verific.vhd                      ; yes             ; User VHDL File  ; C:/Users/Celular/Desktop/Elevator/Verific.vhd         ;         ;
; Datapath.vhd                     ; yes             ; User VHDL File  ; C:/Users/Celular/Desktop/Elevator/Datapath.vhd        ;         ;
; TopLevel.vhd                     ; yes             ; User VHDL File  ; C:/Users/Celular/Desktop/Elevator/TopLevel.vhd        ;         ;
; Botao.vhd                        ; yes             ; User VHDL File  ; C:/Users/Celular/Desktop/Elevator/Botao.vhd           ;         ;
; BotaoArray.vhd                   ; yes             ; User VHDL File  ; C:/Users/Celular/Desktop/Elevator/BotaoArray.vhd      ;         ;
; PositionCounter.vhd              ; yes             ; User VHDL File  ; C:/Users/Celular/Desktop/Elevator/PositionCounter.vhd ;         ;
; Teste.vhd                        ; yes             ; User VHDL File  ; C:/Users/Celular/Desktop/Elevator/Teste.vhd           ;         ;
; Decod.vhd                        ; yes             ; User VHDL File  ; C:/Users/Celular/Desktop/Elevator/Decod.vhd           ;         ;
+----------------------------------+-----------------+-----------------+-------------------------------------------------------+---------+


+--------------------------------------------------------------+
; Analysis & Synthesis Resource Usage Summary                  ;
+---------------------------------------------+----------------+
; Resource                                    ; Usage          ;
+---------------------------------------------+----------------+
; Estimate of Logic utilization (ALMs needed) ; 66             ;
;                                             ;                ;
; Combinational ALUT usage for logic          ; 113            ;
;     -- 7 input functions                    ; 0              ;
;     -- 6 input functions                    ; 19             ;
;     -- 5 input functions                    ; 7              ;
;     -- 4 input functions                    ; 11             ;
;     -- <=3 input functions                  ; 76             ;
;                                             ;                ;
; Dedicated logic registers                   ; 65             ;
;                                             ;                ;
; I/O pins                                    ; 25             ;
;                                             ;                ;
; Total DSP Blocks                            ; 0              ;
;                                             ;                ;
; Maximum fan-out node                        ; CLOCK_50~input ;
; Maximum fan-out                             ; 65             ;
; Total fan-out                               ; 645            ;
; Average fan-out                             ; 2.83           ;
+---------------------------------------------+----------------+


+-------------------------------------------------------------------------------------------------------------------------------------------------------------------------------------------------------------------------------------------+
; Analysis & Synthesis Resource Utilization by Entity                                                                                                                                                                                       ;
+---------------------------------+---------------------+---------------------------+-------------------+------------+------+--------------+---------------------------------------------------------------+-----------------+--------------+
; Compilation Hierarchy Node      ; Combinational ALUTs ; Dedicated Logic Registers ; Block Memory Bits ; DSP Blocks ; Pins ; Virtual Pins ; Full Hierarchy Name                                           ; Entity Name     ; Library Name ;
+---------------------------------+---------------------+---------------------------+-------------------+------------+------+--------------+---------------------------------------------------------------+-----------------+--------------+
; |Teste                          ; 113 (0)             ; 65 (0)                    ; 0                 ; 0          ; 25   ; 0            ; |Teste                                                        ; Teste           ; work         ;
;    |Decod:trex|                 ; 17 (17)             ; 0 (0)                     ; 0                 ; 0          ; 0    ; 0            ; |Teste|Decod:trex                                             ; Decod           ; work         ;
;    |PositionCounter:motor|      ; 67 (67)             ; 60 (60)                   ; 0                 ; 0          ; 0    ; 0            ; |Teste|PositionCounter:motor                                  ; PositionCounter ; work         ;
;    |TopLevel:top|               ; 29 (0)              ; 5 (0)                     ; 0                 ; 0          ; 0    ; 0            ; |Teste|TopLevel:top                                           ; TopLevel        ; work         ;
;       |BotaoArray:btUpArray|    ; 4 (0)               ; 0 (0)                     ; 0                 ; 0          ; 0    ; 0            ; |Teste|TopLevel:top|BotaoArray:btUpArray                      ; BotaoArray      ; work         ;
;          |Botao:\bot:0:botaaao| ; 1 (1)               ; 0 (0)                     ; 0                 ; 0          ; 0    ; 0            ; |Teste|TopLevel:top|BotaoArray:btUpArray|Botao:\bot:0:botaaao ; Botao           ; work         ;
;          |Botao:\bot:1:botaaao| ; 1 (1)               ; 0 (0)                     ; 0                 ; 0          ; 0    ; 0            ; |Teste|TopLevel:top|BotaoArray:btUpArray|Botao:\bot:1:botaaao ; Botao           ; work         ;
;          |Botao:\bot:2:botaaao| ; 1 (1)               ; 0 (0)                     ; 0                 ; 0          ; 0    ; 0            ; |Teste|TopLevel:top|BotaoArray:btUpArray|Botao:\bot:2:botaaao ; Botao           ; work         ;
;          |Botao:\bot:3:botaaao| ; 1 (1)               ; 0 (0)                     ; 0                 ; 0          ; 0    ; 0            ; |Teste|TopLevel:top|BotaoArray:btUpArray|Botao:\bot:3:botaaao ; Botao           ; work         ;
;       |Datapath:operativo|      ; 2 (0)               ; 0 (0)                     ; 0                 ; 0          ; 0    ; 0            ; |Teste|TopLevel:top|Datapath:operativo                        ; Datapath        ; work         ;
;          |Verific:xbtUpPU|      ; 1 (1)               ; 0 (0)                     ; 0                 ; 0          ; 0    ; 0            ; |Teste|TopLevel:top|Datapath:operativo|Verific:xbtUpPU        ; Verific         ; work         ;
;          |Verific:xbtUpZP|      ; 1 (1)               ; 0 (0)                     ; 0                 ; 0          ; 0    ; 0            ; |Teste|TopLevel:top|Datapath:operativo|Verific:xbtUpZP        ; Verific         ; work         ;
;       |Elevator:controle|       ; 23 (23)             ; 5 (5)                     ; 0                 ; 0          ; 0    ; 0            ; |Teste|TopLevel:top|Elevator:controle                         ; Elevator        ; work         ;
+---------------------------------+---------------------+---------------------------+-------------------+------------+------+--------------+---------------------------------------------------------------+-----------------+--------------+
Note: For table entries with two numbers listed, the numbers in parentheses indicate the number of resources of the given type used by the specific entity alone. The numbers listed outside of parentheses indicate the total resources of the given type used by the specific entity and all of its sub-entities in the hierarchy.


Encoding Type:  One-Hot
+----------------------------------------------------------------------------------------------------------------------------------------------------------------+
; State Machine - |Teste|TopLevel:top|Elevator:controle|currentState                                                                                             ;
+------------------------------+------------------------------+---------------------+-----------------------------+----------------------+-----------------------+
; Name                         ; currentState.PARADO_DESCENDO ; currentState.PARADO ; currentState.PARADO_SUBINDO ; currentState.SUBINDO ; currentState.DESCENDO ;
+------------------------------+------------------------------+---------------------+-----------------------------+----------------------+-----------------------+
; currentState.DESCENDO        ; 0                            ; 0                   ; 0                           ; 0                    ; 0                     ;
; currentState.SUBINDO         ; 0                            ; 0                   ; 0                           ; 1                    ; 1                     ;
; currentState.PARADO_SUBINDO  ; 0                            ; 0                   ; 1                           ; 0                    ; 1                     ;
; currentState.PARADO          ; 0                            ; 1                   ; 0                           ; 0                    ; 1                     ;
; currentState.PARADO_DESCENDO ; 1                            ; 0                   ; 0                           ; 0                    ; 1                     ;
+------------------------------+------------------------------+---------------------+-----------------------------+----------------------+-----------------------+


+-------------------------------------------------------------------------------------------------------------+
; User-Specified and Inferred Latches                                                                         ;
+--------------------------------------------------------------+---------------------+------------------------+
; Latch Name                                                   ; Latch Enable Signal ; Free of Timing Hazards ;
+--------------------------------------------------------------+---------------------+------------------------+
; TopLevel:top|BotaoArray:btUpArray|Botao:\bot:0:botaaao|saida ; GND                 ; yes                    ;
; TopLevel:top|BotaoArray:btUpArray|Botao:\bot:1:botaaao|saida ; GND                 ; yes                    ;
; TopLevel:top|BotaoArray:btUpArray|Botao:\bot:2:botaaao|saida ; GND                 ; yes                    ;
; TopLevel:top|BotaoArray:btUpArray|Botao:\bot:3:botaaao|saida ; GND                 ; yes                    ;
; Number of user-specified and inferred latches = 4            ;                     ;                        ;
+--------------------------------------------------------------+---------------------+------------------------+
Note: All latches listed above may not be present at the end of synthesis due to various synthesis optimizations.


+------------------------------------------------------+
; General Register Statistics                          ;
+----------------------------------------------+-------+
; Statistic                                    ; Value ;
+----------------------------------------------+-------+
; Total registers                              ; 65    ;
; Number of registers using Synchronous Clear  ; 28    ;
; Number of registers using Synchronous Load   ; 0     ;
; Number of registers using Asynchronous Clear ; 33    ;
; Number of registers using Asynchronous Load  ; 0     ;
; Number of registers using Clock Enable       ; 32    ;
; Number of registers using Preset             ; 0     ;
+----------------------------------------------+-------+


+------------------------------------------------------------------------------------------------------------------------------------------------------------------+
; Multiplexer Restructuring Statistics (Restructuring Performed)                                                                                                   ;
+--------------------+-----------+---------------+----------------------+------------------------+------------+----------------------------------------------------+
; Multiplexer Inputs ; Bus Width ; Baseline Area ; Area if Restructured ; Saving if Restructured ; Registered ; Example Multiplexer Output                         ;
+--------------------+-----------+---------------+----------------------+------------------------+------------+----------------------------------------------------+
; 3:1                ; 4 bits    ; 8 LEs         ; 8 LEs                ; 0 LEs                  ; No         ; |Teste|TopLevel:top|Elevator:controle|resetbtUp[3] ;
; 4:1                ; 3 bits    ; 6 LEs         ; 6 LEs                ; 0 LEs                  ; No         ; |Teste|TopLevel:top|Elevator:controle|Mux1         ;
; 4:1                ; 4 bits    ; 8 LEs         ; 8 LEs                ; 0 LEs                  ; No         ; |Teste|Decod:trex|HEX[5]                           ;
; 5:1                ; 2 bits    ; 6 LEs         ; 6 LEs                ; 0 LEs                  ; No         ; |Teste|Decod:trex|HEX[6]                           ;
; 19:1               ; 2 bits    ; 24 LEs        ; 18 LEs               ; 6 LEs                  ; No         ; |Teste|TopLevel:top|Elevator:controle|Selector3    ;
+--------------------+-----------+---------------+----------------------+------------------------+------------+----------------------------------------------------+


+-----------------------------------------------------------+
; Parameter Settings for User Entity Instance: TopLevel:top ;
+----------------+-------+----------------------------------+
; Parameter Name ; Value ; Type                             ;
+----------------+-------+----------------------------------+
; floors         ; 4     ; Signed Integer                   ;
+----------------+-------+----------------------------------+
Note: In order to hide this table in the UI and the text report file, please set the "Show Parameter Settings in Synthesis Report" option in "Analysis and Synthesis Settings -> More Settings" to "Off".


+------------------------------------------------------------------------------+
; Parameter Settings for User Entity Instance: TopLevel:top|Datapath:operativo ;
+----------------+-------+-----------------------------------------------------+
; Parameter Name ; Value ; Type                                                ;
+----------------+-------+-----------------------------------------------------+
; floors         ; 4     ; Signed Integer                                      ;
+----------------+-------+-----------------------------------------------------+
Note: In order to hide this table in the UI and the text report file, please set the "Show Parameter Settings in Synthesis Report" option in "Analysis and Synthesis Settings -> More Settings" to "Off".


+------------------------------------------------------------------------------------------------+
; Parameter Settings for User Entity Instance: TopLevel:top|Datapath:operativo|Verific:xbtDownPU ;
+----------------+-------+-----------------------------------------------------------------------+
; Parameter Name ; Value ; Type                                                                  ;
+----------------+-------+-----------------------------------------------------------------------+
; size           ; 4     ; Signed Integer                                                        ;
+----------------+-------+-----------------------------------------------------------------------+
Note: In order to hide this table in the UI and the text report file, please set the "Show Parameter Settings in Synthesis Report" option in "Analysis and Synthesis Settings -> More Settings" to "Off".


+-----------------------------------------------------------------------------------------------+
; Parameter Settings for User Entity Instance: TopLevel:top|Datapath:operativo|Verific:xbtDownU ;
+----------------+-------+----------------------------------------------------------------------+
; Parameter Name ; Value ; Type                                                                 ;
+----------------+-------+----------------------------------------------------------------------+
; size           ; 4     ; Signed Integer                                                       ;
+----------------+-------+----------------------------------------------------------------------+
Note: In order to hide this table in the UI and the text report file, please set the "Show Parameter Settings in Synthesis Report" option in "Analysis and Synthesis Settings -> More Settings" to "Off".


+------------------------------------------------------------------------------------------------+
; Parameter Settings for User Entity Instance: TopLevel:top|Datapath:operativo|Verific:xbtDownZP ;
+----------------+-------+-----------------------------------------------------------------------+
; Parameter Name ; Value ; Type                                                                  ;
+----------------+-------+-----------------------------------------------------------------------+
; size           ; 4     ; Signed Integer                                                        ;
+----------------+-------+-----------------------------------------------------------------------+
Note: In order to hide this table in the UI and the text report file, please set the "Show Parameter Settings in Synthesis Report" option in "Analysis and Synthesis Settings -> More Settings" to "Off".


+----------------------------------------------------------------------------------------------+
; Parameter Settings for User Entity Instance: TopLevel:top|Datapath:operativo|Verific:xbtUpPU ;
+----------------+-------+---------------------------------------------------------------------+
; Parameter Name ; Value ; Type                                                                ;
+----------------+-------+---------------------------------------------------------------------+
; size           ; 4     ; Signed Integer                                                      ;
+----------------+-------+---------------------------------------------------------------------+
Note: In order to hide this table in the UI and the text report file, please set the "Show Parameter Settings in Synthesis Report" option in "Analysis and Synthesis Settings -> More Settings" to "Off".


+----------------------------------------------------------------------------------------------+
; Parameter Settings for User Entity Instance: TopLevel:top|Datapath:operativo|Verific:xbtUpUM ;
+----------------+-------+---------------------------------------------------------------------+
; Parameter Name ; Value ; Type                                                                ;
+----------------+-------+---------------------------------------------------------------------+
; size           ; 4     ; Signed Integer                                                      ;
+----------------+-------+---------------------------------------------------------------------+
Note: In order to hide this table in the UI and the text report file, please set the "Show Parameter Settings in Synthesis Report" option in "Analysis and Synthesis Settings -> More Settings" to "Off".


+----------------------------------------------------------------------------------------------+
; Parameter Settings for User Entity Instance: TopLevel:top|Datapath:operativo|Verific:xbtUpZP ;
+----------------+-------+---------------------------------------------------------------------+
; Parameter Name ; Value ; Type                                                                ;
+----------------+-------+---------------------------------------------------------------------+
; size           ; 4     ; Signed Integer                                                      ;
+----------------+-------+---------------------------------------------------------------------+
Note: In order to hide this table in the UI and the text report file, please set the "Show Parameter Settings in Synthesis Report" option in "Analysis and Synthesis Settings -> More Settings" to "Off".


+----------------------------------------------------------------------------------------------------+
; Parameter Settings for User Entity Instance: TopLevel:top|Datapath:operativo|Verific:xbtElevatorPU ;
+----------------+-------+---------------------------------------------------------------------------+
; Parameter Name ; Value ; Type                                                                      ;
+----------------+-------+---------------------------------------------------------------------------+
; size           ; 4     ; Signed Integer                                                            ;
+----------------+-------+---------------------------------------------------------------------------+
Note: In order to hide this table in the UI and the text report file, please set the "Show Parameter Settings in Synthesis Report" option in "Analysis and Synthesis Settings -> More Settings" to "Off".


+----------------------------------------------------------------------------------------------------+
; Parameter Settings for User Entity Instance: TopLevel:top|Datapath:operativo|Verific:xbtElevatorUM ;
+----------------+-------+---------------------------------------------------------------------------+
; Parameter Name ; Value ; Type                                                                      ;
+----------------+-------+---------------------------------------------------------------------------+
; size           ; 4     ; Signed Integer                                                            ;
+----------------+-------+---------------------------------------------------------------------------+
Note: In order to hide this table in the UI and the text report file, please set the "Show Parameter Settings in Synthesis Report" option in "Analysis and Synthesis Settings -> More Settings" to "Off".


+----------------------------------------------------------------------------------------------------+
; Parameter Settings for User Entity Instance: TopLevel:top|Datapath:operativo|Verific:xbtElevatorZP ;
+----------------+-------+---------------------------------------------------------------------------+
; Parameter Name ; Value ; Type                                                                      ;
+----------------+-------+---------------------------------------------------------------------------+
; size           ; 4     ; Signed Integer                                                            ;
+----------------+-------+---------------------------------------------------------------------------+
Note: In order to hide this table in the UI and the text report file, please set the "Show Parameter Settings in Synthesis Report" option in "Analysis and Synthesis Settings -> More Settings" to "Off".


+-----------------------------------------------------------------------------+
; Parameter Settings for User Entity Instance: TopLevel:top|Elevator:controle ;
+----------------+-------+----------------------------------------------------+
; Parameter Name ; Value ; Type                                               ;
+----------------+-------+----------------------------------------------------+
; floors         ; 4     ; Signed Integer                                     ;
+----------------+-------+----------------------------------------------------+
Note: In order to hide this table in the UI and the text report file, please set the "Show Parameter Settings in Synthesis Report" option in "Analysis and Synthesis Settings -> More Settings" to "Off".


+--------------------------------------------------------------------------------+
; Parameter Settings for User Entity Instance: TopLevel:top|BotaoArray:btUpArray ;
+----------------+-------+-------------------------------------------------------+
; Parameter Name ; Value ; Type                                                  ;
+----------------+-------+-------------------------------------------------------+
; floors         ; 4     ; Signed Integer                                        ;
+----------------+-------+-------------------------------------------------------+
Note: In order to hide this table in the UI and the text report file, please set the "Show Parameter Settings in Synthesis Report" option in "Analysis and Synthesis Settings -> More Settings" to "Off".


+----------------------------------------------------------------------------------+
; Parameter Settings for User Entity Instance: TopLevel:top|BotaoArray:btDownArray ;
+----------------+-------+---------------------------------------------------------+
; Parameter Name ; Value ; Type                                                    ;
+----------------+-------+---------------------------------------------------------+
; floors         ; 4     ; Signed Integer                                          ;
+----------------+-------+---------------------------------------------------------+
Note: In order to hide this table in the UI and the text report file, please set the "Show Parameter Settings in Synthesis Report" option in "Analysis and Synthesis Settings -> More Settings" to "Off".


+--------------------------------------------------------------------------------------+
; Parameter Settings for User Entity Instance: TopLevel:top|BotaoArray:btElevatorArray ;
+----------------+-------+-------------------------------------------------------------+
; Parameter Name ; Value ; Type                                                        ;
+----------------+-------+-------------------------------------------------------------+
; floors         ; 4     ; Signed Integer                                              ;
+----------------+-------+-------------------------------------------------------------+
Note: In order to hide this table in the UI and the text report file, please set the "Show Parameter Settings in Synthesis Report" option in "Analysis and Synthesis Settings -> More Settings" to "Off".


+-----------------------------------------------------------------------------------+
; Port Connectivity Checks: "TopLevel:top|Datapath:operativo|Verific:xbtElevatorZP" ;
+-------+-------+----------+--------------------------------------------------------+
; Port  ; Type  ; Severity ; Details                                                ;
+-------+-------+----------+--------------------------------------------------------+
; start ; Input ; Info     ; Stuck at GND                                           ;
+-------+-------+----------+--------------------------------------------------------+


+-----------------------------------------------------------------------------------+
; Port Connectivity Checks: "TopLevel:top|Datapath:operativo|Verific:xbtElevatorUM" ;
+--------------+-------+----------+-------------------------------------------------+
; Port         ; Type  ; Severity ; Details                                         ;
+--------------+-------+----------+-------------------------------------------------+
; start[31..1] ; Input ; Info     ; Stuck at GND                                    ;
; start[0]     ; Input ; Info     ; Stuck at VCC                                    ;
; final[1..0]  ; Input ; Info     ; Stuck at VCC                                    ;
; final[31..2] ; Input ; Info     ; Stuck at GND                                    ;
+--------------+-------+----------+-------------------------------------------------+


+-----------------------------------------------------------------------------------+
; Port Connectivity Checks: "TopLevel:top|Datapath:operativo|Verific:xbtElevatorPU" ;
+--------------+-------+----------+-------------------------------------------------+
; Port         ; Type  ; Severity ; Details                                         ;
+--------------+-------+----------+-------------------------------------------------+
; start[31..3] ; Input ; Info     ; Stuck at GND                                    ;
; final[1..0]  ; Input ; Info     ; Stuck at VCC                                    ;
; final[31..2] ; Input ; Info     ; Stuck at GND                                    ;
+--------------+-------+----------+-------------------------------------------------+


+-----------------------------------------------------------------------------+
; Port Connectivity Checks: "TopLevel:top|Datapath:operativo|Verific:xbtUpZP" ;
+-------+-------+----------+--------------------------------------------------+
; Port  ; Type  ; Severity ; Details                                          ;
+-------+-------+----------+--------------------------------------------------+
; start ; Input ; Info     ; Stuck at GND                                     ;
+-------+-------+----------+--------------------------------------------------+


+-----------------------------------------------------------------------------+
; Port Connectivity Checks: "TopLevel:top|Datapath:operativo|Verific:xbtUpUM" ;
+--------------+-------+----------+-------------------------------------------+
; Port         ; Type  ; Severity ; Details                                   ;
+--------------+-------+----------+-------------------------------------------+
; start[31..1] ; Input ; Info     ; Stuck at GND                              ;
; start[0]     ; Input ; Info     ; Stuck at VCC                              ;
; final[1..0]  ; Input ; Info     ; Stuck at VCC                              ;
; final[31..2] ; Input ; Info     ; Stuck at GND                              ;
+--------------+-------+----------+-------------------------------------------+


+-----------------------------------------------------------------------------+
; Port Connectivity Checks: "TopLevel:top|Datapath:operativo|Verific:xbtUpPU" ;
+--------------+-------+----------+-------------------------------------------+
; Port         ; Type  ; Severity ; Details                                   ;
+--------------+-------+----------+-------------------------------------------+
; start[31..3] ; Input ; Info     ; Stuck at GND                              ;
; final[1..0]  ; Input ; Info     ; Stuck at VCC                              ;
; final[31..2] ; Input ; Info     ; Stuck at GND                              ;
+--------------+-------+----------+-------------------------------------------+


+-------------------------------------------------------------------------------+
; Port Connectivity Checks: "TopLevel:top|Datapath:operativo|Verific:xbtDownZP" ;
+-------+-------+----------+----------------------------------------------------+
; Port  ; Type  ; Severity ; Details                                            ;
+-------+-------+----------+----------------------------------------------------+
; start ; Input ; Info     ; Stuck at GND                                       ;
+-------+-------+----------+----------------------------------------------------+


+------------------------------------------------------------------------------+
; Port Connectivity Checks: "TopLevel:top|Datapath:operativo|Verific:xbtDownU" ;
+--------------+-------+----------+--------------------------------------------+
; Port         ; Type  ; Severity ; Details                                    ;
+--------------+-------+----------+--------------------------------------------+
; start        ; Input ; Info     ; Stuck at GND                               ;
; final[1..0]  ; Input ; Info     ; Stuck at VCC                               ;
; final[31..2] ; Input ; Info     ; Stuck at GND                               ;
+--------------+-------+----------+--------------------------------------------+


+-------------------------------------------------------------------------------+
; Port Connectivity Checks: "TopLevel:top|Datapath:operativo|Verific:xbtDownPU" ;
+--------------+-------+----------+---------------------------------------------+
; Port         ; Type  ; Severity ; Details                                     ;
+--------------+-------+----------+---------------------------------------------+
; start[31..3] ; Input ; Info     ; Stuck at GND                                ;
; final[1..0]  ; Input ; Info     ; Stuck at VCC                                ;
; final[31..2] ; Input ; Info     ; Stuck at GND                                ;
+--------------+-------+----------+---------------------------------------------+


+----------------------------------------------------------------------------------------------------------------------+
; Port Connectivity Checks: "TopLevel:top"                                                                             ;
+------------+--------+----------+-------------------------------------------------------------------------------------+
; Port       ; Type   ; Severity ; Details                                                                             ;
+------------+--------+----------+-------------------------------------------------------------------------------------+
; doorstatus ; Input  ; Info     ; Stuck at VCC                                                                        ;
; opendoor   ; Output ; Info     ; Connected to dangling logic. Logic that only feeds a dangling port will be removed. ;
+------------+--------+----------+-------------------------------------------------------------------------------------+


+-----------------------------------------------------+
; Post-Synthesis Netlist Statistics for Top Partition ;
+-----------------------+-----------------------------+
; Type                  ; Count                       ;
+-----------------------+-----------------------------+
; arriav_ff             ; 65                          ;
;     CLR               ; 5                           ;
;     CLR SCLR          ; 28                          ;
;     ENA               ; 32                          ;
; arriav_lcell_comb     ; 115                         ;
;     arith             ; 60                          ;
;         1 data inputs ; 28                          ;
;         2 data inputs ; 31                          ;
;         3 data inputs ; 1                           ;
;     normal            ; 55                          ;
;         0 data inputs ; 1                           ;
;         1 data inputs ; 1                           ;
;         2 data inputs ; 8                           ;
;         3 data inputs ; 8                           ;
;         4 data inputs ; 11                          ;
;         5 data inputs ; 7                           ;
;         6 data inputs ; 19                          ;
; boundary_port         ; 25                          ;
;                       ;                             ;
; Max LUT depth         ; 4.10                        ;
; Average LUT depth     ; 3.04                        ;
+-----------------------+-----------------------------+


+-------------------------------+
; Elapsed Time Per Partition    ;
+----------------+--------------+
; Partition Name ; Elapsed Time ;
+----------------+--------------+
; Top            ; 00:00:00     ;
+----------------+--------------+


+-------------------------------+
; Analysis & Synthesis Messages ;
+-------------------------------+
Info: *******************************************************************
Info: Running Quartus Prime Analysis & Synthesis
    Info: Version 18.0.0 Build 614 04/24/2018 SJ Lite Edition
    Info: Processing started: Wed Nov 21 15:58:16 2018
Info: Command: quartus_map --read_settings_files=on --write_settings_files=off Elevator -c Elevator
Warning (18236): Number of processors has not been specified which may cause overloading on shared machines.  Set the global assignment NUM_PARALLEL_PROCESSORS in your QSF to an appropriate value for best performance.
Info (20030): Parallel compilation is enabled and will use 2 of the 2 processors detected
Info (12021): Found 2 design units, including 1 entities, in source file elevator.vhd
    Info (12022): Found design unit 1: Elevator-canonic File: C:/Users/Celular/Desktop/Elevator/Elevator.vhd Line: 27
    Info (12023): Found entity 1: Elevator File: C:/Users/Celular/Desktop/Elevator/Elevator.vhd Line: 4
Info (12021): Found 2 design units, including 1 entities, in source file verific.vhd
    Info (12022): Found design unit 1: Verific-canonic File: C:/Users/Celular/Desktop/Elevator/Verific.vhd Line: 13
    Info (12023): Found entity 1: Verific File: C:/Users/Celular/Desktop/Elevator/Verific.vhd Line: 4
Info (12021): Found 2 design units, including 1 entities, in source file datapath.vhd
    Info (12022): Found design unit 1: Datapath-canonic File: C:/Users/Celular/Desktop/Elevator/Datapath.vhd Line: 17
    Info (12023): Found entity 1: Datapath File: C:/Users/Celular/Desktop/Elevator/Datapath.vhd Line: 4
Info (12021): Found 2 design units, including 1 entities, in source file toplevel.vhd
    Info (12022): Found design unit 1: TopLevel-canonic File: C:/Users/Celular/Desktop/Elevator/TopLevel.vhd Line: 20
    Info (12023): Found entity 1: TopLevel File: C:/Users/Celular/Desktop/Elevator/TopLevel.vhd Line: 4
Info (12021): Found 2 design units, including 1 entities, in source file botao.vhd
    Info (12022): Found design unit 1: Botao-seg File: C:/Users/Celular/Desktop/Elevator/Botao.vhd Line: 11
    Info (12023): Found entity 1: Botao File: C:/Users/Celular/Desktop/Elevator/Botao.vhd Line: 4
Info (12021): Found 2 design units, including 1 entities, in source file botaoarray.vhd
    Info (12022): Found design unit 1: BotaoArray-arr File: C:/Users/Celular/Desktop/Elevator/BotaoArray.vhd Line: 12
    Info (12023): Found entity 1: BotaoArray File: C:/Users/Celular/Desktop/Elevator/BotaoArray.vhd Line: 4
Info (12021): Found 2 design units, including 1 entities, in source file positioncounter.vhd
    Info (12022): Found design unit 1: PositionCounter-canonic File: C:/Users/Celular/Desktop/Elevator/PositionCounter.vhd Line: 13
    Info (12023): Found entity 1: PositionCounter File: C:/Users/Celular/Desktop/Elevator/PositionCounter.vhd Line: 5
Info (12021): Found 2 design units, including 1 entities, in source file teste.vhd
    Info (12022): Found design unit 1: Teste-test File: C:/Users/Celular/Desktop/Elevator/Teste.vhd Line: 17
    Info (12023): Found entity 1: Teste File: C:/Users/Celular/Desktop/Elevator/Teste.vhd Line: 4
Info (12021): Found 2 design units, including 1 entities, in source file decod.vhd
    Info (12022): Found design unit 1: Decod-test File: C:/Users/Celular/Desktop/Elevator/Decod.vhd Line: 11
    Info (12023): Found entity 1: Decod File: C:/Users/Celular/Desktop/Elevator/Decod.vhd Line: 4
Info (12021): Found 2 design units, including 1 entities, in source file teste2.vhd
    Info (12022): Found design unit 1: Teste2-test File: C:/Users/Celular/Desktop/Elevator/Teste2.vhd Line: 13
    Info (12023): Found entity 1: Teste2 File: C:/Users/Celular/Desktop/Elevator/Teste2.vhd Line: 4
Info (12127): Elaborating entity "Teste" for the top level hierarchy
Warning (10036): Verilog HDL or VHDL warning at Teste.vhd(45): object "openDoor" assigned a value but never read File: C:/Users/Celular/Desktop/Elevator/Teste.vhd Line: 45
Warning (10541): VHDL Signal Declaration warning at Teste.vhd(47): used implicit default value for signal "botoesDown" because signal was never assigned a value or an explicit default value. Use of implicit default value may introduce unintended design optimizations. File: C:/Users/Celular/Desktop/Elevator/Teste.vhd Line: 47
Warning (10541): VHDL Signal Declaration warning at Teste.vhd(47): used implicit default value for signal "botoesElevator" because signal was never assigned a value or an explicit default value. Use of implicit default value may introduce unintended design optimizations. File: C:/Users/Celular/Desktop/Elevator/Teste.vhd Line: 47
Warning (10873): Using initial value X (don't care) for net "LEDR[9..4]" at Teste.vhd(11) File: C:/Users/Celular/Desktop/Elevator/Teste.vhd Line: 11
Info (12128): Elaborating entity "TopLevel" for hierarchy "TopLevel:top" File: C:/Users/Celular/Desktop/Elevator/Teste.vhd Line: 58
Info (12128): Elaborating entity "Datapath" for hierarchy "TopLevel:top|Datapath:operativo" File: C:/Users/Celular/Desktop/Elevator/TopLevel.vhd Line: 74
Info (12128): Elaborating entity "Verific" for hierarchy "TopLevel:top|Datapath:operativo|Verific:xbtDownPU" File: C:/Users/Celular/Desktop/Elevator/Datapath.vhd Line: 33
Info (12128): Elaborating entity "Elevator" for hierarchy "TopLevel:top|Elevator:controle" File: C:/Users/Celular/Desktop/Elevator/TopLevel.vhd Line: 75
Warning (10492): VHDL Process Statement warning at Elevator.vhd(128): signal "currentState" is read inside the Process Statement but isn't in the Process Statement's sensitivity list File: C:/Users/Celular/Desktop/Elevator/Elevator.vhd Line: 128
Warning (10492): VHDL Process Statement warning at Elevator.vhd(133): signal "currentState" is read inside the Process Statement but isn't in the Process Statement's sensitivity list File: C:/Users/Celular/Desktop/Elevator/Elevator.vhd Line: 133
Warning (10492): VHDL Process Statement warning at Elevator.vhd(136): signal "currentState" is read inside the Process Statement but isn't in the Process Statement's sensitivity list File: C:/Users/Celular/Desktop/Elevator/Elevator.vhd Line: 136
Info (12128): Elaborating entity "BotaoArray" for hierarchy "TopLevel:top|BotaoArray:btUpArray" File: C:/Users/Celular/Desktop/Elevator/TopLevel.vhd Line: 76
Info (12128): Elaborating entity "Botao" for hierarchy "TopLevel:top|BotaoArray:btUpArray|Botao:\bot:0:botaaao" File: C:/Users/Celular/Desktop/Elevator/BotaoArray.vhd Line: 24
Warning (10631): VHDL Process Statement warning at Botao.vhd(13): inferring latch(es) for signal or variable "saida", which holds its previous value in one or more paths through the process File: C:/Users/Celular/Desktop/Elevator/Botao.vhd Line: 13
Info (10041): Inferred latch for "saida" at Botao.vhd(13) File: C:/Users/Celular/Desktop/Elevator/Botao.vhd Line: 13
Info (12128): Elaborating entity "PositionCounter" for hierarchy "PositionCounter:motor" File: C:/Users/Celular/Desktop/Elevator/Teste.vhd Line: 59
Warning (10036): Verilog HDL or VHDL warning at PositionCounter.vhd(16): object "C1Hz" assigned a value but never read File: C:/Users/Celular/Desktop/Elevator/PositionCounter.vhd Line: 16
Info (12128): Elaborating entity "Decod" for hierarchy "Decod:trex" File: C:/Users/Celular/Desktop/Elevator/Teste.vhd Line: 60
Warning (13024): Output pins are stuck at VCC or GND
    Warning (13410): Pin "LEDR[4]" is stuck at GND File: C:/Users/Celular/Desktop/Elevator/Teste.vhd Line: 11
    Warning (13410): Pin "LEDR[5]" is stuck at GND File: C:/Users/Celular/Desktop/Elevator/Teste.vhd Line: 11
    Warning (13410): Pin "LEDR[6]" is stuck at GND File: C:/Users/Celular/Desktop/Elevator/Teste.vhd Line: 11
    Warning (13410): Pin "LEDR[7]" is stuck at GND File: C:/Users/Celular/Desktop/Elevator/Teste.vhd Line: 11
    Warning (13410): Pin "LEDR[8]" is stuck at GND File: C:/Users/Celular/Desktop/Elevator/Teste.vhd Line: 11
    Warning (13410): Pin "LEDR[9]" is stuck at GND File: C:/Users/Celular/Desktop/Elevator/Teste.vhd Line: 11
Info (286030): Timing-Driven Synthesis is running
Warning (20013): Ignored 24 assignments for entity "ghrd_top" -- entity does not exist in design
    Warning (20014): Assignment for entity set_instance_assignment -name PARTITION_HIERARCHY root_partition -to | -entity ghrd_top -section_id Top was ignored
    Warning (20014): Assignment for entity set_global_assignment -name PARTITION_NETLIST_TYPE SOURCE -entity ghrd_top -section_id Top was ignored
    Warning (20014): Assignment for entity set_global_assignment -name PARTITION_FITTER_PRESERVATION_LEVEL PLACEMENT_AND_ROUTING -entity ghrd_top -section_id Top was ignored
    Warning (20014): Assignment for entity set_global_assignment -name PARTITION_PRESERVE_HIGH_SPEED_TILES ON -entity ghrd_top -section_id Top was ignored
    Warning (20014): Assignment for entity set_global_assignment -name PARTITION_IGNORE_SOURCE_FILE_CHANGES OFF -entity ghrd_top -section_id Top was ignored
    Warning (20014): Assignment for entity set_global_assignment -name PARTITION_ALWAYS_USE_QXP_NETLIST OFF -entity ghrd_top -section_id Top was ignored
    Warning (20014): Assignment for entity set_global_assignment -name PARTITION_COLOR 16764057 -entity ghrd_top -section_id Top was ignored
    Warning (20014): Assignment for entity set_global_assignment -name PARTITION_IMPORT_ASSIGNMENTS ON -entity ghrd_top -section_id Top was ignored
    Warning (20014): Assignment for entity set_global_assignment -name PARTITION_IMPORT_EXISTING_ASSIGNMENTS REPLACE_CONFLICTING -entity ghrd_top -section_id Top was ignored
    Warning (20014): Assignment for entity set_global_assignment -name PARTITION_IMPORT_EXISTING_LOGICLOCK_REGIONS UPDATE_CONFLICTING -entity ghrd_top -section_id Top was ignored
    Warning (20014): Assignment for entity set_global_assignment -name PARTITION_IMPORT_PIN_ASSIGNMENTS ON -entity ghrd_top -section_id Top was ignored
    Warning (20014): Assignment for entity set_global_assignment -name PARTITION_IMPORT_PROMOTE_ASSIGNMENTS ON -entity ghrd_top -section_id Top was ignored
    Warning (20014): Assignment for entity set_global_assignment -name PARTITION_TYPE STANDARD_PARTITION -entity ghrd_top -section_id Top was ignored
    Warning (20014): Assignment for entity set_global_assignment -name ALLOW_MULTIPLE_PERSONAS OFF -entity ghrd_top -section_id Top was ignored
    Warning (20014): Assignment for entity set_global_assignment -name PARTITION_ASD_REGION_ID 1 -entity ghrd_top -section_id Top was ignored
    Warning (20014): Assignment for entity set_global_assignment -name CROSS_BOUNDARY_OPTIMIZATIONS OFF -entity ghrd_top -section_id Top was ignored
    Warning (20014): Assignment for entity set_global_assignment -name PROPAGATE_CONSTANTS_ON_INPUTS ON -entity ghrd_top -section_id Top was ignored
    Warning (20014): Assignment for entity set_global_assignment -name PROPAGATE_INVERSIONS_ON_INPUTS ON -entity ghrd_top -section_id Top was ignored
    Warning (20014): Assignment for entity set_global_assignment -name REMOVE_LOGIC_ON_UNCONNECTED_OUTPUTS ON -entity ghrd_top -section_id Top was ignored
    Warning (20014): Assignment for entity set_global_assignment -name MERGE_EQUIVALENT_INPUTS ON -entity ghrd_top -section_id Top was ignored
    Warning (20014): Assignment for entity set_global_assignment -name MERGE_EQUIVALENT_BIDIRS ON -entity ghrd_top -section_id Top was ignored
    Warning (20014): Assignment for entity set_global_assignment -name ABSORB_PATHS_FROM_OUTPUTS_TO_INPUTS ON -entity ghrd_top -section_id Top was ignored
    Warning (20014): Assignment for entity set_global_assignment -name PARTITION_EXTRACT_HARD_BLOCK_NODES ON -entity ghrd_top -section_id Top was ignored
    Warning (20014): Assignment for entity set_global_assignment -name PARTITION_ENABLE_STRICT_PRESERVATION OFF -entity ghrd_top -section_id Top was ignored
Info (16010): Generating hard_block partition "hard_block:auto_generated_inst"
    Info (16011): Adding 0 node(s), including 0 DDIO, 0 PLL, 0 transceiver and 0 LCELL
Info (21057): Implemented 138 device resources after synthesis - the final resource count might be different
    Info (21058): Implemented 6 input pins
    Info (21059): Implemented 19 output pins
    Info (21061): Implemented 113 logic cells
Info: Quartus Prime Analysis & Synthesis was successful. 0 errors, 42 warnings
    Info: Peak virtual memory: 4873 megabytes
    Info: Processing ended: Wed Nov 21 15:58:32 2018
    Info: Elapsed time: 00:00:16
    Info: Total CPU time (on all processors): 00:00:31


